Using pre-set license
Built from '2020.3/staging' branch; Version is '2020.3.14f1 (d0d1bb862f9d) revision 13685179'; Using compiler version '192528614'; Build Type 'Release'
OS: 'Windows 10 Pro; OS build 19044.1766; Version 2009; 64bit' Language: 'ko' Physical Memory: 8109 MB
BatchMode: 1, IsHumanControllingUs: 0, StartBugReporterOnCrash: 0, Is64bit: 1, IsPro: 0

 COMMAND LINE ARGUMENTS:
C:\Program Files\Unity\Hub\Editor\2020.3.14f1\Editor\Unity.exe
-adb2
-batchMode
-noUpm
-name
AssetImportWorker0
-projectPath
C:/Users/werwer/GameForTheChildren
-logFile
Logs/AssetImportWorker0.log
-srvPort
56910
Successfully changed project path to: C:/Users/werwer/GameForTheChildren
C:/Users/werwer/GameForTheChildren
Using Asset Import Pipeline V2.
Refreshing native plugins compatible for Editor in 28.13 ms, found 2 plugins.
Preloading 0 native plugins for Editor in 0.00 ms.
Initialize engine version: 2020.3.14f1 (d0d1bb862f9d)
[Subsystems] Discovering subsystems at path C:/Program Files/Unity/Hub/Editor/2020.3.14f1/Editor/Data/Resources/UnitySubsystems
[Subsystems] Discovering subsystems at path C:/Users/werwer/GameForTheChildren/Assets
GfxDevice: creating device client; threaded=0
Direct3D:
    Version:  Direct3D 11.0 [level 11.1]
    Renderer: Intel(R) HD Graphics 630 (ID=0x5912)
    Vendor:   
    VRAM:     4054 MB
    Driver:   30.0.101.1340
Initialize mono
Mono path[0] = 'C:/Program Files/Unity/Hub/Editor/2020.3.14f1/Editor/Data/Managed'
Mono path[1] = 'C:/Program Files/Unity/Hub/Editor/2020.3.14f1/Editor/Data/MonoBleedingEdge/lib/mono/unityjit'
Mono config path = 'C:/Program Files/Unity/Hub/Editor/2020.3.14f1/Editor/Data/MonoBleedingEdge/etc'
Using monoOptions --debugger-agent=transport=dt_socket,embedding=1,server=y,suspend=n,address=127.0.0.1:56460
Begin MonoManager ReloadAssembly
Registering precompiled unity dll's ...
Register platform support module: C:/Program Files/Unity/Hub/Editor/2020.3.14f1/Editor/Data/PlaybackEngines/WindowsStandaloneSupport/UnityEditor.WindowsStandalone.Extensions.dll
Registered in 0.001979 seconds.
Native extension for WindowsStandalone target not found
Refreshing native plugins compatible for Editor in 29.26 ms, found 2 plugins.
Preloading 0 native plugins for Editor in 0.00 ms.
Mono: successfully reloaded assembly
- Completed reload, in  2.101 seconds
Domain Reload Profiling:
	ReloadAssembly (2101ms)
		BeginReloadAssembly (51ms)
			ExecutionOrderSort (0ms)
			DisableScriptedObjects (0ms)
			BackupInstance (0ms)
			ReleaseScriptingObjects (0ms)
			CreateAndSetChildDomain (1ms)
		EndReloadAssembly (545ms)
			LoadAssemblies (49ms)
			RebuildTransferFunctionScriptingTraits (0ms)
			SetupTypeCache (219ms)
			ReleaseScriptCaches (0ms)
			RebuildScriptCaches (39ms)
			SetupLoadedEditorAssemblies (203ms)
				LogAssemblyErrors (0ms)
				InitializePlatformSupportModulesInManaged (3ms)
				SetLoadedEditorAssemblies (0ms)
				RefreshPlugins (29ms)
				BeforeProcessingInitializeOnLoad (25ms)
				ProcessInitializeOnLoadAttributes (120ms)
				ProcessInitializeOnLoadMethodAttributes (25ms)
				AfterProcessingInitializeOnLoad (0ms)
				EditorAssembliesLoaded (0ms)
			ExecutionOrderSort2 (0ms)
			AwakeInstancesAfterBackupRestoration (0ms)
Platform modules already initialized, skipping
Registering precompiled user dll's ...
Registered in 0.003611 seconds.
Begin MonoManager ReloadAssembly
Native extension for WindowsStandalone target not found
Refreshing native plugins compatible for Editor in 0.32 ms, found 2 plugins.
Preloading 0 native plugins for Editor in 0.00 ms.
Mono: successfully reloaded assembly
- Completed reload, in  0.977 seconds
Domain Reload Profiling:
	ReloadAssembly (979ms)
		BeginReloadAssembly (156ms)
			ExecutionOrderSort (0ms)
			DisableScriptedObjects (5ms)
			BackupInstance (0ms)
			ReleaseScriptingObjects (0ms)
			CreateAndSetChildDomain (18ms)
		EndReloadAssembly (758ms)
			LoadAssemblies (82ms)
			RebuildTransferFunctionScriptingTraits (0ms)
			SetupTypeCache (274ms)
			ReleaseScriptCaches (0ms)
			RebuildScriptCaches (38ms)
			SetupLoadedEditorAssemblies (281ms)
				LogAssemblyErrors (0ms)
				InitializePlatformSupportModulesInManaged (5ms)
				SetLoadedEditorAssemblies (0ms)
				RefreshPlugins (0ms)
				BeforeProcessingInitializeOnLoad (80ms)
				ProcessInitializeOnLoadAttributes (186ms)
				ProcessInitializeOnLoadMethodAttributes (4ms)
				AfterProcessingInitializeOnLoad (6ms)
				EditorAssembliesLoaded (0ms)
			ExecutionOrderSort2 (0ms)
			AwakeInstancesAfterBackupRestoration (6ms)
Platform modules already initialized, skipping
========================================================================
Worker process is ready to serve import requests
Launched and connected shader compiler UnityShaderCompiler.exe after 0.03 seconds
Refreshing native plugins compatible for Editor in 0.48 ms, found 2 plugins.
Preloading 0 native plugins for Editor in 0.00 ms.
Unloading 1408 Unused Serialized files (Serialized files now loaded: 0)
System memory in use before: 68.0 MB.
System memory in use after: 68.0 MB.

Unloading 19 unused Assets to reduce memory usage. Loaded Objects now: 1842.
Total: 3.617200 ms (FindLiveObjects: 0.303900 ms CreateObjectMapping: 0.076300 ms MarkObjects: 3.087900 ms  DeleteObjects: 0.147300 ms)

AssetImportParameters requested are different than current active one (requested -> active):
  custom:framework-win-MediaFoundation: 216162199b28c13a410421893ffa2e32 -> 
  custom:video-decoder-ogg-theora: a1e56fd34408186e4bbccfd4996cb3dc -> 
  custom:container-muxer-webm: aa71ff27fc2769a1b78a27578f13a17b -> 
  custom:container-demuxer-webm: 4f35f7cbe854078d1ac9338744f61a02 -> 
  custom:container-demuxer-ogg: 62fdf1f143b41e24485cea50d1cbac27 -> 
  custom:video-encoder-webm-vp8: eb34c28f22e8b96e1ab97ce403110664 -> 
  custom:video-decoder-webm-vp8: 9c59270c3fd7afecdb556c50c9e8de78 -> 
  custom:audio-decoder-ogg-vorbis: bf7c407c2cedff20999df2af8eb42d56 -> 
  custom:audio-encoder-webm-vorbis: bf7c407c2cedff20999df2af8eb42d56 -> 
========================================================================
Received Import Request.
  path: Assets/Resources/Minigame6/Materials/0_1.mat
  artifactKey: Guid(b9fea87422800094da2b289fe8dd6d85) Importer(815301076,1909f56bfc062723c751e8b465ee728b)
Start importing Assets/Resources/Minigame6/Materials/0_1.mat using Guid(b9fea87422800094da2b289fe8dd6d85) Importer(815301076,1909f56bfc062723c751e8b465ee728b)  -> (artifact id: '17290cf2b0c8f95864aff843927454a2') in 0.177383 seconds 
  Import took 0.182307 seconds .

========================================================================
Received Import Request.
  Time since last request: 0.486094 seconds.
  path: Assets/Resources/Minigame6/Materials/0_0.mat
  artifactKey: Guid(577efb4daedeaf64083aa8f202baeb6a) Importer(815301076,1909f56bfc062723c751e8b465ee728b)
Start importing Assets/Resources/Minigame6/Materials/0_0.mat using Guid(577efb4daedeaf64083aa8f202baeb6a) Importer(815301076,1909f56bfc062723c751e8b465ee728b)  -> (artifact id: '409ec04fe7f5a004d194e92bab61e380') in 0.020803 seconds 
  Import took 0.035003 seconds .

========================================================================
Received Import Request.
  Time since last request: 0.092660 seconds.
  path: Assets/Resources/Minigame6/Materials/1_0.mat
  artifactKey: Guid(304f3347f2ffe1046bd32bbc1def8b20) Importer(815301076,1909f56bfc062723c751e8b465ee728b)
Start importing Assets/Resources/Minigame6/Materials/1_0.mat using Guid(304f3347f2ffe1046bd32bbc1def8b20) Importer(815301076,1909f56bfc062723c751e8b465ee728b)  -> (artifact id: '86c1a2b45478d631f57290512ca33989') in 0.055271 seconds 
  Import took 0.060584 seconds .

========================================================================
Received Import Request.
  Time since last request: 0.032118 seconds.
  path: Assets/Scripts/Minigame6/GameManager_6.cs
  artifactKey: Guid(df49cba55f4781545b017d2059e108a9) Importer(815301076,1909f56bfc062723c751e8b465ee728b)
Start importing Assets/Scripts/Minigame6/GameManager_6.cs using Guid(df49cba55f4781545b017d2059e108a9) Importer(815301076,1909f56bfc062723c751e8b465ee728b)  -> (artifact id: 'f6b8e5b4260c1af59e0b007783c737d3') in 0.040359 seconds 
  Import took 0.043444 seconds .

========================================================================
Received Import Request.
  Time since last request: 0.145041 seconds.
  path: Assets/Resources/Minigame6/Materials/1_3.mat
  artifactKey: Guid(22e8413b31e9abd4cb9188423df4808a) Importer(815301076,1909f56bfc062723c751e8b465ee728b)
Start importing Assets/Resources/Minigame6/Materials/1_3.mat using Guid(22e8413b31e9abd4cb9188423df4808a) Importer(815301076,1909f56bfc062723c751e8b465ee728b)  -> (artifact id: '3c82407a4cc0120afa0b6eba8210d16c') in 0.013641 seconds 
  Import took 0.016441 seconds .

========================================================================
Received Import Request.
  Time since last request: 0.120889 seconds.
  path: Assets/Scripts/Minigame4/MovePiece_4.cs
  artifactKey: Guid(4e78504b657eec243a8522bbc563a9ec) Importer(815301076,1909f56bfc062723c751e8b465ee728b)
Start importing Assets/Scripts/Minigame4/MovePiece_4.cs using Guid(4e78504b657eec243a8522bbc563a9ec) Importer(815301076,1909f56bfc062723c751e8b465ee728b)  -> (artifact id: '3b4bb7fd7cdee99c74fa255d35ebd34e') in 0.005023 seconds 
  Import took 0.007327 seconds .

========================================================================
Received Import Request.
  Time since last request: 0.025116 seconds.
  path: Assets/Scripts/Minigame6/MoveShadow.cs
  artifactKey: Guid(dc64cda566ea2754eb828c3a815f90b1) Importer(815301076,1909f56bfc062723c751e8b465ee728b)
Start importing Assets/Scripts/Minigame6/MoveShadow.cs using Guid(dc64cda566ea2754eb828c3a815f90b1) Importer(815301076,1909f56bfc062723c751e8b465ee728b)  -> (artifact id: '1bcf67d8c6d50a062d275c4f94bd26a4') in 0.005504 seconds 
  Import took 0.008418 seconds .

========================================================================
Received Import Request.
  Time since last request: 0.082603 seconds.
  path: Assets/Resources/Minigame6/Materials/0_3.mat
  artifactKey: Guid(003d1556271a35d449a442fca4ed7bdd) Importer(815301076,1909f56bfc062723c751e8b465ee728b)
Start importing Assets/Resources/Minigame6/Materials/0_3.mat using Guid(003d1556271a35d449a442fca4ed7bdd) Importer(815301076,1909f56bfc062723c751e8b465ee728b)  -> (artifact id: '83fa0498ff7ec6613d96638a6bc44b8a') in 0.012555 seconds 
  Import took 0.015217 seconds .

========================================================================
Received Import Request.
  Time since last request: 0.057890 seconds.
  path: Assets/Scripts/Title/TitleButtons.cs
  artifactKey: Guid(f3e86f6f957c23b47b436bf6a385028e) Importer(815301076,1909f56bfc062723c751e8b465ee728b)
Start importing Assets/Scripts/Title/TitleButtons.cs using Guid(f3e86f6f957c23b47b436bf6a385028e) Importer(815301076,1909f56bfc062723c751e8b465ee728b)  -> (artifact id: 'ae3054b3b5c985e1e4a438c64cfcf13b') in 0.005171 seconds 
  Import took 0.007910 seconds .

========================================================================
Received Import Request.
  Time since last request: 0.022051 seconds.
  path: Assets/Resources/Minigame6/Materials/0_2.mat
  artifactKey: Guid(0fb2bab6aabf76b45a660f4db8d6382d) Importer(815301076,1909f56bfc062723c751e8b465ee728b)
Start importing Assets/Resources/Minigame6/Materials/0_2.mat using Guid(0fb2bab6aabf76b45a660f4db8d6382d) Importer(815301076,1909f56bfc062723c751e8b465ee728b)  -> (artifact id: 'ab594e9d4c2ed5e077046d4bf4245dff') in 0.021420 seconds 
  Import took 0.025017 seconds .

========================================================================
Received Import Request.
  Time since last request: 0.052213 seconds.
  path: Assets/Scenes/Title.unity
  artifactKey: Guid(b7413d8468cafb2488440ee630a8ce15) Importer(815301076,1909f56bfc062723c751e8b465ee728b)
Start importing Assets/Scenes/Title.unity using Guid(b7413d8468cafb2488440ee630a8ce15) Importer(815301076,1909f56bfc062723c751e8b465ee728b)  -> (artifact id: '1ab27c9635a341c2b36353f2be4bcf64') in 0.005614 seconds 
  Import took 0.008393 seconds .

========================================================================
Received Import Request.
  Time since last request: 0.061148 seconds.
  path: Assets/Resources/Minigame6/Materials/1_1.mat
  artifactKey: Guid(a1dfb860e0f9aa342b0f9c08070cc24b) Importer(815301076,1909f56bfc062723c751e8b465ee728b)
Start importing Assets/Resources/Minigame6/Materials/1_1.mat using Guid(a1dfb860e0f9aa342b0f9c08070cc24b) Importer(815301076,1909f56bfc062723c751e8b465ee728b)  -> (artifact id: '7dce4f1820bb9ad7cbac123529cd7857') in 0.013832 seconds 
  Import took 0.016742 seconds .

========================================================================
Received Import Request.
  Time since last request: 0.028790 seconds.
  path: Assets/Scripts/Minigame1/GameManager_1.cs
  artifactKey: Guid(70a4ef4a675c8484695486e421a22302) Importer(815301076,1909f56bfc062723c751e8b465ee728b)
Start importing Assets/Scripts/Minigame1/GameManager_1.cs using Guid(70a4ef4a675c8484695486e421a22302) Importer(815301076,1909f56bfc062723c751e8b465ee728b)  -> (artifact id: '51a89c42b4c96a1bbee8e3a8300784c8') in 0.004769 seconds 
  Import took 0.008101 seconds .

========================================================================
Received Import Request.
  Time since last request: 0.006752 seconds.
  path: Assets/Scenes/Minigame4.unity
  artifactKey: Guid(1450ae281182d2542894cc2dc06ea3c9) Importer(815301076,1909f56bfc062723c751e8b465ee728b)
Start importing Assets/Scenes/Minigame4.unity using Guid(1450ae281182d2542894cc2dc06ea3c9) Importer(815301076,1909f56bfc062723c751e8b465ee728b)  -> (artifact id: '6f61b6ca605c76a253c92b61250bffdd') in 0.005261 seconds 
  Import took 0.007939 seconds .

========================================================================
Received Import Request.
  Time since last request: 0.097018 seconds.
  path: Assets/Scripts/Minigame2/GameManager_2.cs
  artifactKey: Guid(e1675972999c2314ca21892827132eac) Importer(815301076,1909f56bfc062723c751e8b465ee728b)
Start importing Assets/Scripts/Minigame2/GameManager_2.cs using Guid(e1675972999c2314ca21892827132eac) Importer(815301076,1909f56bfc062723c751e8b465ee728b)  -> (artifact id: '8a93198146e57f14f63137be2bd13d04') in 0.004928 seconds 
  Import took 0.007562 seconds .

========================================================================
Received Import Request.
  Time since last request: 0.172171 seconds.
  path: Assets/Resources/Minigame6/Materials/1_2.mat
  artifactKey: Guid(eccf03bde4b32a5459f00e69f9c3d42a) Importer(815301076,1909f56bfc062723c751e8b465ee728b)
Start importing Assets/Resources/Minigame6/Materials/1_2.mat using Guid(eccf03bde4b32a5459f00e69f9c3d42a) Importer(815301076,1909f56bfc062723c751e8b465ee728b)  -> (artifact id: 'a356f0d51b2bf88b743019eba4ff5c9c') in 0.038537 seconds 
  Import took 0.043681 seconds .

========================================================================
Received Import Request.
  Time since last request: 0.141507 seconds.
  path: Assets/Scripts/Minigame4/GameManager_4.cs
  artifactKey: Guid(57c788e2bdf5ab84eb1f6038d622eb05) Importer(815301076,1909f56bfc062723c751e8b465ee728b)
Start importing Assets/Scripts/Minigame4/GameManager_4.cs using Guid(57c788e2bdf5ab84eb1f6038d622eb05) Importer(815301076,1909f56bfc062723c751e8b465ee728b)  -> (artifact id: 'c32834c54fbc4ebafdaf630f4d6b104e') in 0.005461 seconds 
  Import took 0.017428 seconds .

========================================================================
Received Import Request.
  Time since last request: 0.089416 seconds.
  path: Assets/Scenes/Minigame6.unity
  artifactKey: Guid(a875b7ff23a565a4b975ad8f09a1c6ea) Importer(815301076,1909f56bfc062723c751e8b465ee728b)
Start importing Assets/Scenes/Minigame6.unity using Guid(a875b7ff23a565a4b975ad8f09a1c6ea) Importer(815301076,1909f56bfc062723c751e8b465ee728b)  -> (artifact id: 'f15e66cc33458c71e8044dc27349568b') in 0.005485 seconds 
  Import took 0.008238 seconds .

AssetImportWorkerClient::OnTransportError - code=2 error=End of file
